<?xml version="1.0" encoding="UTF-8"?>
  <testsuites tests="23" disabled="0" errors="0" failures="0" time="0.0013079889999999999">
      <testsuite name="Golang Suite" package="/Users/omarcrosby/go/src/github.com/jedi-knights/scaffit/pkg/golang" tests="5" disabled="0" skipped="0" errors="0" failures="0" time="0.000525729" timestamp="2023-10-09T05:44:16">
          <properties>
              <property name="SuiteSucceeded" value="true"></property>
              <property name="SuiteHasProgrammaticFocus" value="false"></property>
              <property name="SpecialSuiteFailureReason" value=""></property>
              <property name="SuiteLabels" value="[]"></property>
              <property name="RandomSeed" value="1696844655"></property>
              <property name="RandomizeAllSpecs" value="false"></property>
              <property name="LabelFilter" value=""></property>
              <property name="FocusStrings" value=""></property>
              <property name="SkipStrings" value=""></property>
              <property name="FocusFiles" value=""></property>
              <property name="SkipFiles" value=""></property>
              <property name="FailOnPending" value="false"></property>
              <property name="FailFast" value="false"></property>
              <property name="FlakeAttempts" value="0"></property>
              <property name="DryRun" value="false"></property>
              <property name="ParallelTotal" value="1"></property>
              <property name="OutputInterceptorMode" value=""></property>
          </properties>
          <testcase name="[It] Golang ValidateModulePath when the input is valid returns nil when given &#39;github.com/jdoe/myproject" classname="Golang Suite" status="passed" time="0.000177359">
              <system-err>&gt; Enter [It] returns nil when given &#39;github.com/jdoe/myproject - /Users/omarcrosby/go/src/github.com/jedi-knights/scaffit/pkg/golang/golang_test.go:13 @ 10/09/23 05:44:16.144&#xA;&lt; Exit [It] returns nil when given &#39;github.com/jdoe/myproject - /Users/omarcrosby/go/src/github.com/jedi-knights/scaffit/pkg/golang/golang_test.go:13 @ 10/09/23 05:44:16.144 (0s)&#xA;</system-err>
          </testcase>
          <testcase name="[It] Golang ValidateModulePath when the input is valid returns nil when given &#39;github.com/jdoe/my_project" classname="Golang Suite" status="passed" time="3.2752e-05">
              <system-err>&gt; Enter [It] returns nil when given &#39;github.com/jdoe/my_project - /Users/omarcrosby/go/src/github.com/jedi-knights/scaffit/pkg/golang/golang_test.go:24 @ 10/09/23 05:44:16.144&#xA;&lt; Exit [It] returns nil when given &#39;github.com/jdoe/my_project - /Users/omarcrosby/go/src/github.com/jedi-knights/scaffit/pkg/golang/golang_test.go:24 @ 10/09/23 05:44:16.144 (0s)&#xA;</system-err>
          </testcase>
          <testcase name="[It] Golang ValidateModulePath when the input is valid returns nil when given &#39;github.com/jdoe/myLibrary" classname="Golang Suite" status="passed" time="4.9227e-05">
              <system-err>&gt; Enter [It] returns nil when given &#39;github.com/jdoe/myLibrary - /Users/omarcrosby/go/src/github.com/jedi-knights/scaffit/pkg/golang/golang_test.go:35 @ 10/09/23 05:44:16.144&#xA;&lt; Exit [It] returns nil when given &#39;github.com/jdoe/myLibrary - /Users/omarcrosby/go/src/github.com/jedi-knights/scaffit/pkg/golang/golang_test.go:35 @ 10/09/23 05:44:16.144 (0s)&#xA;</system-err>
          </testcase>
          <testcase name="[It] Golang ValidateModulePath when the input is invalid returns an error when given a string with spaces" classname="Golang Suite" status="passed" time="3.7729e-05">
              <system-err>&gt; Enter [It] returns an error when given a string with spaces - /Users/omarcrosby/go/src/github.com/jedi-knights/scaffit/pkg/golang/golang_test.go:48 @ 10/09/23 05:44:16.144&#xA;&lt; Exit [It] returns an error when given a string with spaces - /Users/omarcrosby/go/src/github.com/jedi-knights/scaffit/pkg/golang/golang_test.go:48 @ 10/09/23 05:44:16.144 (0s)&#xA;</system-err>
          </testcase>
          <testcase name="[It] Golang ValidateModulePath when the input is invalid returns an error when given a string with a hyphen" classname="Golang Suite" status="passed" time="3.3843e-05">
              <system-err>&gt; Enter [It] returns an error when given a string with a hyphen - /Users/omarcrosby/go/src/github.com/jedi-knights/scaffit/pkg/golang/golang_test.go:59 @ 10/09/23 05:44:16.144&#xA;&lt; Exit [It] returns an error when given a string with a hyphen - /Users/omarcrosby/go/src/github.com/jedi-knights/scaffit/pkg/golang/golang_test.go:59 @ 10/09/23 05:44:16.144 (0s)&#xA;</system-err>
          </testcase>
      </testsuite>
      <testsuite name="Text Suite" package="/Users/omarcrosby/go/src/github.com/jedi-knights/scaffit/pkg/text" tests="18" disabled="0" skipped="0" errors="0" failures="0" time="0.00078226" timestamp="2023-10-09T05:44:16">
          <properties>
              <property name="SuiteSucceeded" value="true"></property>
              <property name="SuiteHasProgrammaticFocus" value="false"></property>
              <property name="SpecialSuiteFailureReason" value=""></property>
              <property name="SuiteLabels" value="[]"></property>
              <property name="RandomSeed" value="1696844655"></property>
              <property name="RandomizeAllSpecs" value="false"></property>
              <property name="LabelFilter" value=""></property>
              <property name="FocusStrings" value=""></property>
              <property name="SkipStrings" value=""></property>
              <property name="FocusFiles" value=""></property>
              <property name="SkipFiles" value=""></property>
              <property name="FailOnPending" value="false"></property>
              <property name="FailFast" value="false"></property>
              <property name="FlakeAttempts" value="0"></property>
              <property name="DryRun" value="false"></property>
              <property name="ParallelTotal" value="1"></property>
              <property name="OutputInterceptorMode" value=""></property>
          </properties>
          <testcase name="[It] Text ContainsSpecialCharacters returns true when given a string with a special character" classname="Text Suite" status="passed" time="8.9605e-05">
              <system-err>&gt; Enter [It] returns true when given a string with a special character - /Users/omarcrosby/go/src/github.com/jedi-knights/scaffit/pkg/text/text_test.go:12 @ 10/09/23 05:44:16.721&#xA;&lt; Exit [It] returns true when given a string with a special character - /Users/omarcrosby/go/src/github.com/jedi-knights/scaffit/pkg/text/text_test.go:12 @ 10/09/23 05:44:16.721 (0s)&#xA;</system-err>
          </testcase>
          <testcase name="[It] Text ContainsSpecialCharacters returns false when given a string without a special character" classname="Text Suite" status="passed" time="1.4562e-05">
              <system-err>&gt; Enter [It] returns false when given a string without a special character - /Users/omarcrosby/go/src/github.com/jedi-knights/scaffit/pkg/text/text_test.go:23 @ 10/09/23 05:44:16.721&#xA;&lt; Exit [It] returns false when given a string without a special character - /Users/omarcrosby/go/src/github.com/jedi-knights/scaffit/pkg/text/text_test.go:23 @ 10/09/23 05:44:16.721 (0s)&#xA;</system-err>
          </testcase>
          <testcase name="[It] Text ContainsSpecialCharacters returns false when given my_project" classname="Text Suite" status="passed" time="1.3728e-05">
              <system-err>&gt; Enter [It] returns false when given my_project - /Users/omarcrosby/go/src/github.com/jedi-knights/scaffit/pkg/text/text_test.go:34 @ 10/09/23 05:44:16.721&#xA;&lt; Exit [It] returns false when given my_project - /Users/omarcrosby/go/src/github.com/jedi-knights/scaffit/pkg/text/text_test.go:34 @ 10/09/23 05:44:16.721 (0s)&#xA;</system-err>
          </testcase>
          <testcase name="[It] Text IsCamelCase returns true when given a string in camel case" classname="Text Suite" status="passed" time="3.1395e-05">
              <system-err>&gt; Enter [It] returns true when given a string in camel case - /Users/omarcrosby/go/src/github.com/jedi-knights/scaffit/pkg/text/text_test.go:47 @ 10/09/23 05:44:16.721&#xA;&lt; Exit [It] returns true when given a string in camel case - /Users/omarcrosby/go/src/github.com/jedi-knights/scaffit/pkg/text/text_test.go:47 @ 10/09/23 05:44:16.721 (0s)&#xA;</system-err>
          </testcase>
          <testcase name="[It] Text IsCamelCase returns false when given a string not in camel case" classname="Text Suite" status="passed" time="2.9599e-05">
              <system-err>&gt; Enter [It] returns false when given a string not in camel case - /Users/omarcrosby/go/src/github.com/jedi-knights/scaffit/pkg/text/text_test.go:58 @ 10/09/23 05:44:16.721&#xA;&lt; Exit [It] returns false when given a string not in camel case - /Users/omarcrosby/go/src/github.com/jedi-knights/scaffit/pkg/text/text_test.go:58 @ 10/09/23 05:44:16.721 (0s)&#xA;</system-err>
          </testcase>
          <testcase name="[It] Text IsCamelCase returns false when given a string with a hyphen" classname="Text Suite" status="passed" time="2.3567e-05">
              <system-err>&gt; Enter [It] returns false when given a string with a hyphen - /Users/omarcrosby/go/src/github.com/jedi-knights/scaffit/pkg/text/text_test.go:69 @ 10/09/23 05:44:16.721&#xA;&lt; Exit [It] returns false when given a string with a hyphen - /Users/omarcrosby/go/src/github.com/jedi-knights/scaffit/pkg/text/text_test.go:69 @ 10/09/23 05:44:16.721 (0s)&#xA;</system-err>
          </testcase>
          <testcase name="[It] Text IsCamelCase returns false when given a string with a special character" classname="Text Suite" status="passed" time="1.9107e-05">
              <system-err>&gt; Enter [It] returns false when given a string with a special character - /Users/omarcrosby/go/src/github.com/jedi-knights/scaffit/pkg/text/text_test.go:80 @ 10/09/23 05:44:16.721&#xA;&lt; Exit [It] returns false when given a string with a special character - /Users/omarcrosby/go/src/github.com/jedi-knights/scaffit/pkg/text/text_test.go:80 @ 10/09/23 05:44:16.721 (0s)&#xA;</system-err>
          </testcase>
          <testcase name="[It] Text IsCamelCase returns false when given a string with a space" classname="Text Suite" status="passed" time="2.0156e-05">
              <system-err>&gt; Enter [It] returns false when given a string with a space - /Users/omarcrosby/go/src/github.com/jedi-knights/scaffit/pkg/text/text_test.go:91 @ 10/09/23 05:44:16.721&#xA;&lt; Exit [It] returns false when given a string with a space - /Users/omarcrosby/go/src/github.com/jedi-knights/scaffit/pkg/text/text_test.go:91 @ 10/09/23 05:44:16.721 (0s)&#xA;</system-err>
          </testcase>
          <testcase name="[It] Text IsCamelCase returns false when given a string with an uppercase letter" classname="Text Suite" status="passed" time="2.5027e-05">
              <system-err>&gt; Enter [It] returns false when given a string with an uppercase letter - /Users/omarcrosby/go/src/github.com/jedi-knights/scaffit/pkg/text/text_test.go:102 @ 10/09/23 05:44:16.721&#xA;&lt; Exit [It] returns false when given a string with an uppercase letter - /Users/omarcrosby/go/src/github.com/jedi-knights/scaffit/pkg/text/text_test.go:102 @ 10/09/23 05:44:16.721 (0s)&#xA;</system-err>
          </testcase>
          <testcase name="[It] Text IsCamelCase returns true when given a camel cased string with a number" classname="Text Suite" status="passed" time="2.3886e-05">
              <system-err>&gt; Enter [It] returns true when given a camel cased string with a number - /Users/omarcrosby/go/src/github.com/jedi-knights/scaffit/pkg/text/text_test.go:113 @ 10/09/23 05:44:16.721&#xA;&lt; Exit [It] returns true when given a camel cased string with a number - /Users/omarcrosby/go/src/github.com/jedi-knights/scaffit/pkg/text/text_test.go:113 @ 10/09/23 05:44:16.721 (0s)&#xA;</system-err>
          </testcase>
          <testcase name="[It] Text IsCamelCase returns true when given &#39;project1&#39;" classname="Text Suite" status="passed" time="3.0948e-05">
              <system-err>&gt; Enter [It] returns true when given &#39;project1&#39; - /Users/omarcrosby/go/src/github.com/jedi-knights/scaffit/pkg/text/text_test.go:124 @ 10/09/23 05:44:16.721&#xA;&lt; Exit [It] returns true when given &#39;project1&#39; - /Users/omarcrosby/go/src/github.com/jedi-knights/scaffit/pkg/text/text_test.go:124 @ 10/09/23 05:44:16.721 (0s)&#xA;</system-err>
          </testcase>
          <testcase name="[It] Text ContainsWhitespace returns true when given a string with a space" classname="Text Suite" status="passed" time="2.0692e-05">
              <system-err>&gt; Enter [It] returns true when given a string with a space - /Users/omarcrosby/go/src/github.com/jedi-knights/scaffit/pkg/text/text_test.go:137 @ 10/09/23 05:44:16.721&#xA;&lt; Exit [It] returns true when given a string with a space - /Users/omarcrosby/go/src/github.com/jedi-knights/scaffit/pkg/text/text_test.go:137 @ 10/09/23 05:44:16.721 (0s)&#xA;</system-err>
          </testcase>
          <testcase name="[It] Text ContainsWhitespace returns true when given a string with a tab" classname="Text Suite" status="passed" time="1.3346e-05">
              <system-err>&gt; Enter [It] returns true when given a string with a tab - /Users/omarcrosby/go/src/github.com/jedi-knights/scaffit/pkg/text/text_test.go:148 @ 10/09/23 05:44:16.721&#xA;&lt; Exit [It] returns true when given a string with a tab - /Users/omarcrosby/go/src/github.com/jedi-knights/scaffit/pkg/text/text_test.go:148 @ 10/09/23 05:44:16.721 (0s)&#xA;</system-err>
          </testcase>
          <testcase name="[It] Text ContainsWhitespace returns true when given a string with a newline" classname="Text Suite" status="passed" time="1.7381e-05">
              <system-err>&gt; Enter [It] returns true when given a string with a newline - /Users/omarcrosby/go/src/github.com/jedi-knights/scaffit/pkg/text/text_test.go:159 @ 10/09/23 05:44:16.721&#xA;&lt; Exit [It] returns true when given a string with a newline - /Users/omarcrosby/go/src/github.com/jedi-knights/scaffit/pkg/text/text_test.go:159 @ 10/09/23 05:44:16.721 (0s)&#xA;</system-err>
          </testcase>
          <testcase name="[It] Text ContainsWhitespace returns true when given a string with a carriage return" classname="Text Suite" status="passed" time="1.8759e-05">
              <system-err>&gt; Enter [It] returns true when given a string with a carriage return - /Users/omarcrosby/go/src/github.com/jedi-knights/scaffit/pkg/text/text_test.go:170 @ 10/09/23 05:44:16.721&#xA;&lt; Exit [It] returns true when given a string with a carriage return - /Users/omarcrosby/go/src/github.com/jedi-knights/scaffit/pkg/text/text_test.go:170 @ 10/09/23 05:44:16.721 (0s)&#xA;</system-err>
          </testcase>
          <testcase name="[It] Text ContainsWhitespace returns true when given a string with a form feed" classname="Text Suite" status="passed" time="1.0874e-05">
              <system-err>&gt; Enter [It] returns true when given a string with a form feed - /Users/omarcrosby/go/src/github.com/jedi-knights/scaffit/pkg/text/text_test.go:181 @ 10/09/23 05:44:16.721&#xA;&lt; Exit [It] returns true when given a string with a form feed - /Users/omarcrosby/go/src/github.com/jedi-knights/scaffit/pkg/text/text_test.go:181 @ 10/09/23 05:44:16.721 (0s)&#xA;</system-err>
          </testcase>
          <testcase name="[It] Text ContainsWhitespace returns true when given a string with a vertical tab" classname="Text Suite" status="passed" time="1.9251e-05">
              <system-err>&gt; Enter [It] returns true when given a string with a vertical tab - /Users/omarcrosby/go/src/github.com/jedi-knights/scaffit/pkg/text/text_test.go:192 @ 10/09/23 05:44:16.721&#xA;&lt; Exit [It] returns true when given a string with a vertical tab - /Users/omarcrosby/go/src/github.com/jedi-knights/scaffit/pkg/text/text_test.go:192 @ 10/09/23 05:44:16.721 (0s)&#xA;</system-err>
          </testcase>
          <testcase name="[It] Text ContainsWhitespace returns false when given a string without a whitespace character" classname="Text Suite" status="passed" time="1.5558e-05">
              <system-err>&gt; Enter [It] returns false when given a string without a whitespace character - /Users/omarcrosby/go/src/github.com/jedi-knights/scaffit/pkg/text/text_test.go:203 @ 10/09/23 05:44:16.721&#xA;&lt; Exit [It] returns false when given a string without a whitespace character - /Users/omarcrosby/go/src/github.com/jedi-knights/scaffit/pkg/text/text_test.go:203 @ 10/09/23 05:44:16.721 (0s)&#xA;</system-err>
          </testcase>
      </testsuite>
  </testsuites>